<?xml version="1.0" encoding="UTF-8" ?>
<testsuite failures="0" time="0.317" errors="0" skipped="0" tests="8" name="com.web.gearz.services.FilingServiceTest">
  <properties>
[...]
</properties>
  <testcase time="0.267" classname="com.web.gearz.services.FilingServiceTest" name="shouldConnectToLocal"/>
  <testcase time="0.003" classname="com.web.gearz.services.FilingServiceTest" name="shouldAddNewObject"/>
  <testcase time="0.005" classname="com.web.gearz.services.FilingServiceTest" name="shouldUpdateExistingObject"/>
  <testcase time="0.004" classname="com.web.gearz.services.FilingServiceTest" name="shouldAddObject2"/>
  <testcase time="0.004" classname="com.web.gearz.services.FilingServiceTest" name="shouldAddObject3"/>
  <testcase time="0.004" classname="com.web.gearz.services.FilingServiceTest" name="shouldAddObject4"/>
  <testcase time="0.001" classname="com.web.gearz.services.FilingServiceTest" name="shouldRetrieveDefaultText"/>
  <testcase time="0.003" classname="com.web.gearz.services.FilingServiceTest" name="shouldRetrieveStoredContent"/>
</testsuite>